<?xml version='1.0' encoding='utf-8'?>
<Site BuildName="Windows" BuildStamp="0001.01.01-00.00.00" Generator="UE4_Automation_System" CompilerName="" CompilerVersion="" OSName="Windows" Hostname="PC-TiffanyHo" OSRelease="10" OSVersion="10.0.19045" OSPlatform="Windows" Is64Bits="1" VendorString="Intel64 Family 6 Model 158 Stepping 9, GenuineIntel" VendorID="Intel64 Family 6 Model 158 Stepping 9, GenuineIntel" FamilyID="" ModelID="" ProcessorCacheSize="" NumberOfLogicalCPU="8" NumberOfPhysicalCPU="" TotalVirtualMemory="" TotalPhysicalMemory="" LogicalProcessorsPerPhysical="" ProcessorClockFrequency="">
  <Testing>
    <StartDateTime>0001.01.01-00.00.00</StartDateTime>
    <StartTestTime>0</StartTestTime>
    <EndDateTime>0001.01.01-00.00.00</EndDateTime>
    <EndTestTime>0</EndTestTime>
    <ElapsedMinutes>0.00</ElapsedMinutes>
    <TestList>
      <Test>Plugin.UnitTests.HorizonTween.TweenActorEvent.MoveFromTo.CheckAlphaResult</Test>
      <Test>Plugin.UnitTests.HorizonTween.TweenFloatEvent.CheckAlphaResult</Test>
      <Test>Project.Functional Tests.Maps.HorizonTweenDemo.BP_BasicMoveLocal_ScreenshotFunctionalTest</Test>
      <Test>Project.Functional Tests.Maps.HorizonTweenDemo.BP_BasicMoveWorld_ScreenshotFunctionalTest</Test>
      <Test>Project.Functional Tests.Maps.HorizonTweenDemo.BP_CustomCurve_ScreenshotFunctionalTest</Test>
      <Test>Project.Functional Tests.Maps.HorizonTweenDemo.BP_EventCallback_ScreenshotFunctionalTest</Test>
      <Test>Project.Functional Tests.Maps.HorizonTweenDemo.BP_MoveScaleRotationAndColor_ScreenshotFunctionalTest</Test>
      <Test>Project.Functional Tests.Maps.HorizonTweenDemo.BP_MoveWithLerpMode_ScreenshotFunctionalTest</Test>
      <Test>Project.Functional Tests.Maps.HorizonTweenDemo.BP_MoveWithMultiStartEnd_ScreenshotFunctionalTest</Test>
      <Test>Project.Functional Tests.Maps.HorizonTweenDemo.BP_MoveWithSpline_ScreenshotFunctionalTest</Test>
      <Test>Project.Functional Tests.Maps.HorizonTweenDemo.BP_MultiTweenActor_ScreenshotFunctionalTest</Test>
      <Test>Project.Functional Tests.Maps.HorizonTweenDemo.BP_MultiTweenComponent_ScreenshotFunctionalTest</Test>
      <Test>Project.Functional Tests.Maps.HorizonTweenDemo.BP_MultiTweenWidget_UIScreenshotFunctionalTest</Test>
      <Test>Project.Functional Tests.Maps.HorizonTweenDemo.BP_TransfromParam_ScreenshotFunctionalTest</Test>
      <Test>Project.Functional Tests.Maps.HorizonTweenDemo.BP_TweenSceneComponent_ScreenshotFunctionalTest</Test>
      <Test>Project.Functional Tests.Maps.HorizonTweenDemo.BP_TweenWidget_ScreenshotFunctionalTest</Test>
    </TestList>
    <Test Status="passed">
      <Name>Plugin.UnitTests.HorizonTween.TweenActorEvent.MoveFromTo.CheckAlphaResult</Name>
      <Path>CheckAlphaResult</Path>
      <FullName>Plugin.UnitTests.HorizonTween.TweenActorEvent.MoveFromTo.CheckAlphaResult</FullName>
      <Results>
        <NamedMeasurement type="numeric/double" name="Execution Time">
          <Value>1.0280033349990845</Value>
        </NamedMeasurement>
        <NamedMeasurement type="text/string" name="Completion Status">
          <Value>passed</Value>
        </NamedMeasurement>
        <NamedMeasurement type="numeric/int" name="Warnings">
          <Value>0</Value>
        </NamedMeasurement>
        <NamedMeasurement type="numeric/int" name="Errors">
          <Value>0</Value>
        </NamedMeasurement>
        <Measurement>
          <Value />
        </Measurement>
      </Results>
      <Labels />
      <Status>passed</Status>
      <CompletionStatus>passed</CompletionStatus>
      <ExecutionTime>1.0280033349990845</ExecutionTime>
      <Command>Unreal Automation</Command>
      <StartTime>2026-06-17T15:20:49Z</StartTime>
      <EndTime>2026-06-17T15:20:49Z</EndTime>
    </Test>
    <Test Status="passed">
      <Name>Plugin.UnitTests.HorizonTween.TweenFloatEvent.CheckAlphaResult</Name>
      <Path>CheckAlphaResult</Path>
      <FullName>Plugin.UnitTests.HorizonTween.TweenFloatEvent.CheckAlphaResult</FullName>
      <Results>
        <NamedMeasurement type="numeric/double" name="Execution Time">
          <Value>1.0281004905700684</Value>
        </NamedMeasurement>
        <NamedMeasurement type="text/string" name="Completion Status">
          <Value>passed</Value>
        </NamedMeasurement>
        <NamedMeasurement type="numeric/int" name="Warnings">
          <Value>0</Value>
        </NamedMeasurement>
        <NamedMeasurement type="numeric/int" name="Errors">
          <Value>0</Value>
        </NamedMeasurement>
        <Measurement>
          <Value />
        </Measurement>
      </Results>
      <Labels />
      <Status>passed</Status>
      <CompletionStatus>passed</CompletionStatus>
      <ExecutionTime>1.0281004905700684</ExecutionTime>
      <Command>Unreal Automation</Command>
      <StartTime>2026-06-17T15:20:49Z</StartTime>
      <EndTime>2026-06-17T15:20:49Z</EndTime>
    </Test>
    <Test Status="passed">
      <Name>Project.Functional Tests.Maps.HorizonTweenDemo.BP_BasicMoveLocal_ScreenshotFunctionalTest</Name>
      <Path>BP_BasicMoveLocal_ScreenshotFunctionalTest</Path>
      <FullName>Project.Functional Tests.Maps.HorizonTweenDemo.BP_BasicMoveLocal_ScreenshotFunctionalTest</FullName>
      <Results>
        <NamedMeasurement type="numeric/double" name="Execution Time">
          <Value>2.2944746017456055</Value>
        </NamedMeasurement>
        <NamedMeasurement type="text/string" name="Completion Status">
          <Value>passed</Value>
        </NamedMeasurement>
        <NamedMeasurement type="numeric/int" name="Warnings">
          <Value>0</Value>
        </NamedMeasurement>
        <NamedMeasurement type="numeric/int" name="Errors">
          <Value>0</Value>
        </NamedMeasurement>
        <Measurement>
          <Value>[Info] Screenshot 'HorizonTweenDemo/BP_BasicMoveLocal_ScreenshotFunctionalTest' was similar!  Global Difference = 0.000004, Max Local Difference = 0.000434</Value>
        </Measurement>
      </Results>
      <Labels />
      <Status>passed</Status>
      <CompletionStatus>passed</CompletionStatus>
      <ExecutionTime>2.2944746017456055</ExecutionTime>
      <Command>Unreal Automation</Command>
      <StartTime>2026-06-17T15:20:49Z</StartTime>
      <EndTime>2026-06-17T15:20:49Z</EndTime>
    </Test>
    <Test Status="passed">
      <Name>Project.Functional Tests.Maps.HorizonTweenDemo.BP_BasicMoveWorld_ScreenshotFunctionalTest</Name>
      <Path>BP_BasicMoveWorld_ScreenshotFunctionalTest</Path>
      <FullName>Project.Functional Tests.Maps.HorizonTweenDemo.BP_BasicMoveWorld_ScreenshotFunctionalTest</FullName>
      <Results>
        <NamedMeasurement type="numeric/double" name="Execution Time">
          <Value>1.6732732057571411</Value>
        </NamedMeasurement>
        <NamedMeasurement type="text/string" name="Completion Status">
          <Value>passed</Value>
        </NamedMeasurement>
        <NamedMeasurement type="numeric/int" name="Warnings">
          <Value>0</Value>
        </NamedMeasurement>
        <NamedMeasurement type="numeric/int" name="Errors">
          <Value>0</Value>
        </NamedMeasurement>
        <Measurement>
          <Value>[Info] Screenshot 'HorizonTweenDemo/BP_BasicMoveWorld_ScreenshotFunctionalTest' was similar!  Global Difference = 0.000000, Max Local Difference = 0.000000</Value>
        </Measurement>
      </Results>
      <Labels />
      <Status>passed</Status>
      <CompletionStatus>passed</CompletionStatus>
      <ExecutionTime>1.6732732057571411</ExecutionTime>
      <Command>Unreal Automation</Command>
      <StartTime>2026-06-17T15:20:49Z</StartTime>
      <EndTime>2026-06-17T15:20:49Z</EndTime>
    </Test>
    <Test Status="passed">
      <Name>Project.Functional Tests.Maps.HorizonTweenDemo.BP_CustomCurve_ScreenshotFunctionalTest</Name>
      <Path>BP_CustomCurve_ScreenshotFunctionalTest</Path>
      <FullName>Project.Functional Tests.Maps.HorizonTweenDemo.BP_CustomCurve_ScreenshotFunctionalTest</FullName>
      <Results>
        <NamedMeasurement type="numeric/double" name="Execution Time">
          <Value>2.2697677612304688</Value>
        </NamedMeasurement>
        <NamedMeasurement type="text/string" name="Completion Status">
          <Value>passed</Value>
        </NamedMeasurement>
        <NamedMeasurement type="numeric/int" name="Warnings">
          <Value>0</Value>
        </NamedMeasurement>
        <NamedMeasurement type="numeric/int" name="Errors">
          <Value>0</Value>
        </NamedMeasurement>
        <Measurement>
          <Value>[Info] Screenshot 'HorizonTweenDemo/BP_CustomCurve_ScreenshotFunctionalTest' was similar!  Global Difference = 0.000000, Max Local Difference = 0.000000</Value>
        </Measurement>
      </Results>
      <Labels />
      <Status>passed</Status>
      <CompletionStatus>passed</CompletionStatus>
      <ExecutionTime>2.2697677612304688</ExecutionTime>
      <Command>Unreal Automation</Command>
      <StartTime>2026-06-17T15:20:49Z</StartTime>
      <EndTime>2026-06-17T15:20:49Z</EndTime>
    </Test>
    <Test Status="passed">
      <Name>Project.Functional Tests.Maps.HorizonTweenDemo.BP_EventCallback_ScreenshotFunctionalTest</Name>
      <Path>BP_EventCallback_ScreenshotFunctionalTest</Path>
      <FullName>Project.Functional Tests.Maps.HorizonTweenDemo.BP_EventCallback_ScreenshotFunctionalTest</FullName>
      <Results>
        <NamedMeasurement type="numeric/double" name="Execution Time">
          <Value>1.9712520837783813</Value>
        </NamedMeasurement>
        <NamedMeasurement type="text/string" name="Completion Status">
          <Value>passed</Value>
        </NamedMeasurement>
        <NamedMeasurement type="numeric/int" name="Warnings">
          <Value>0</Value>
        </NamedMeasurement>
        <NamedMeasurement type="numeric/int" name="Errors">
          <Value>0</Value>
        </NamedMeasurement>
        <Measurement>
          <Value>[Info] Screenshot 'HorizonTweenDemo/BP_EventCallback_ScreenshotFunctionalTest' was similar!  Global Difference = 0.000000, Max Local Difference = 0.000000</Value>
        </Measurement>
      </Results>
      <Labels />
      <Status>passed</Status>
      <CompletionStatus>passed</CompletionStatus>
      <ExecutionTime>1.9712520837783813</ExecutionTime>
      <Command>Unreal Automation</Command>
      <StartTime>2026-06-17T15:20:49Z</StartTime>
      <EndTime>2026-06-17T15:20:49Z</EndTime>
    </Test>
    <Test Status="passed">
      <Name>Project.Functional Tests.Maps.HorizonTweenDemo.BP_MoveScaleRotationAndColor_ScreenshotFunctionalTest</Name>
      <Path>BP_MoveScaleRotationAndColor_ScreenshotFunctionalTest</Path>
      <FullName>Project.Functional Tests.Maps.HorizonTweenDemo.BP_MoveScaleRotationAndColor_ScreenshotFunctionalTest</FullName>
      <Results>
        <NamedMeasurement type="numeric/double" name="Execution Time">
          <Value>1.974034309387207</Value>
        </NamedMeasurement>
        <NamedMeasurement type="text/string" name="Completion Status">
          <Value>passed</Value>
        </NamedMeasurement>
        <NamedMeasurement type="numeric/int" name="Warnings">
          <Value>0</Value>
        </NamedMeasurement>
        <NamedMeasurement type="numeric/int" name="Errors">
          <Value>0</Value>
        </NamedMeasurement>
        <Measurement>
          <Value>[Info] Screenshot 'HorizonTweenDemo/BP_MoveScaleRotationAndColor_ScreenshotFunctionalTest' was similar!  Global Difference = 0.008324, Max Local Difference = 0.136622</Value>
        </Measurement>
      </Results>
      <Labels />
      <Status>passed</Status>
      <CompletionStatus>passed</CompletionStatus>
      <ExecutionTime>1.974034309387207</ExecutionTime>
      <Command>Unreal Automation</Command>
      <StartTime>2026-06-17T15:20:49Z</StartTime>
      <EndTime>2026-06-17T15:20:49Z</EndTime>
    </Test>
    <Test Status="passed">
      <Name>Project.Functional Tests.Maps.HorizonTweenDemo.BP_MoveWithLerpMode_ScreenshotFunctionalTest</Name>
      <Path>BP_MoveWithLerpMode_ScreenshotFunctionalTest</Path>
      <FullName>Project.Functional Tests.Maps.HorizonTweenDemo.BP_MoveWithLerpMode_ScreenshotFunctionalTest</FullName>
      <Results>
        <NamedMeasurement type="numeric/double" name="Execution Time">
          <Value>1.061028242111206</Value>
        </NamedMeasurement>
        <NamedMeasurement type="text/string" name="Completion Status">
          <Value>passed</Value>
        </NamedMeasurement>
        <NamedMeasurement type="numeric/int" name="Warnings">
          <Value>0</Value>
        </NamedMeasurement>
        <NamedMeasurement type="numeric/int" name="Errors">
          <Value>0</Value>
        </NamedMeasurement>
        <Measurement>
          <Value>[Info] Screenshot 'HorizonTweenDemo/BP_MoveWithLerpMode_ScreenshotFunctionalTest' was similar!  Global Difference = 0.000000, Max Local Difference = 0.000000</Value>
        </Measurement>
      </Results>
      <Labels />
      <Status>passed</Status>
      <CompletionStatus>passed</CompletionStatus>
      <ExecutionTime>1.061028242111206</ExecutionTime>
      <Command>Unreal Automation</Command>
      <StartTime>2026-06-17T15:20:49Z</StartTime>
      <EndTime>2026-06-17T15:20:49Z</EndTime>
    </Test>
    <Test Status="passed">
      <Name>Project.Functional Tests.Maps.HorizonTweenDemo.BP_MoveWithMultiStartEnd_ScreenshotFunctionalTest</Name>
      <Path>BP_MoveWithMultiStartEnd_ScreenshotFunctionalTest</Path>
      <FullName>Project.Functional Tests.Maps.HorizonTweenDemo.BP_MoveWithMultiStartEnd_ScreenshotFunctionalTest</FullName>
      <Results>
        <NamedMeasurement type="numeric/double" name="Execution Time">
          <Value>2.1763179302215576</Value>
        </NamedMeasurement>
        <NamedMeasurement type="text/string" name="Completion Status">
          <Value>passed</Value>
        </NamedMeasurement>
        <NamedMeasurement type="numeric/int" name="Warnings">
          <Value>0</Value>
        </NamedMeasurement>
        <NamedMeasurement type="numeric/int" name="Errors">
          <Value>0</Value>
        </NamedMeasurement>
        <Measurement>
          <Value>[Info] Screenshot 'HorizonTweenDemo/BP_MoveWithMultiStartEnd_ScreenshotFunctionalTest' was similar!  Global Difference = 0.000000, Max Local Difference = 0.000000</Value>
        </Measurement>
      </Results>
      <Labels />
      <Status>passed</Status>
      <CompletionStatus>passed</CompletionStatus>
      <ExecutionTime>2.1763179302215576</ExecutionTime>
      <Command>Unreal Automation</Command>
      <StartTime>2026-06-17T15:20:49Z</StartTime>
      <EndTime>2026-06-17T15:20:49Z</EndTime>
    </Test>
    <Test Status="passed">
      <Name>Project.Functional Tests.Maps.HorizonTweenDemo.BP_MoveWithSpline_ScreenshotFunctionalTest</Name>
      <Path>BP_MoveWithSpline_ScreenshotFunctionalTest</Path>
      <FullName>Project.Functional Tests.Maps.HorizonTweenDemo.BP_MoveWithSpline_ScreenshotFunctionalTest</FullName>
      <Results>
        <NamedMeasurement type="numeric/double" name="Execution Time">
          <Value>1.1191575527191162</Value>
        </NamedMeasurement>
        <NamedMeasurement type="text/string" name="Completion Status">
          <Value>passed</Value>
        </NamedMeasurement>
        <NamedMeasurement type="numeric/int" name="Warnings">
          <Value>0</Value>
        </NamedMeasurement>
        <NamedMeasurement type="numeric/int" name="Errors">
          <Value>0</Value>
        </NamedMeasurement>
        <Measurement>
          <Value>[Info] Screenshot 'HorizonTweenDemo/BP_MoveWithSpline_ScreenshotFunctionalTest' was similar!  Global Difference = 0.000000, Max Local Difference = 0.000000</Value>
        </Measurement>
      </Results>
      <Labels />
      <Status>passed</Status>
      <CompletionStatus>passed</CompletionStatus>
      <ExecutionTime>1.1191575527191162</ExecutionTime>
      <Command>Unreal Automation</Command>
      <StartTime>2026-06-17T15:20:49Z</StartTime>
      <EndTime>2026-06-17T15:20:49Z</EndTime>
    </Test>
    <Test Status="passed">
      <Name>Project.Functional Tests.Maps.HorizonTweenDemo.BP_MultiTweenActor_ScreenshotFunctionalTest</Name>
      <Path>BP_MultiTweenActor_ScreenshotFunctionalTest</Path>
      <FullName>Project.Functional Tests.Maps.HorizonTweenDemo.BP_MultiTweenActor_ScreenshotFunctionalTest</FullName>
      <Results>
        <NamedMeasurement type="numeric/double" name="Execution Time">
          <Value>1.6238974332809448</Value>
        </NamedMeasurement>
        <NamedMeasurement type="text/string" name="Completion Status">
          <Value>passed</Value>
        </NamedMeasurement>
        <NamedMeasurement type="numeric/int" name="Warnings">
          <Value>0</Value>
        </NamedMeasurement>
        <NamedMeasurement type="numeric/int" name="Errors">
          <Value>0</Value>
        </NamedMeasurement>
        <Measurement>
          <Value>[Info] Screenshot 'HorizonTweenDemo/BP_MultiTweenActor_ScreenshotFunctionalTest' was similar!  Global Difference = 0.000000, Max Local Difference = 0.000000</Value>
        </Measurement>
      </Results>
      <Labels />
      <Status>passed</Status>
      <CompletionStatus>passed</CompletionStatus>
      <ExecutionTime>1.6238974332809448</ExecutionTime>
      <Command>Unreal Automation</Command>
      <StartTime>2026-06-17T15:20:49Z</StartTime>
      <EndTime>2026-06-17T15:20:49Z</EndTime>
    </Test>
    <Test Status="passed">
      <Name>Project.Functional Tests.Maps.HorizonTweenDemo.BP_MultiTweenComponent_ScreenshotFunctionalTest</Name>
      <Path>BP_MultiTweenComponent_ScreenshotFunctionalTest</Path>
      <FullName>Project.Functional Tests.Maps.HorizonTweenDemo.BP_MultiTweenComponent_ScreenshotFunctionalTest</FullName>
      <Results>
        <NamedMeasurement type="numeric/double" name="Execution Time">
          <Value>1.3720533847808838</Value>
        </NamedMeasurement>
        <NamedMeasurement type="text/string" name="Completion Status">
          <Value>passed</Value>
        </NamedMeasurement>
        <NamedMeasurement type="numeric/int" name="Warnings">
          <Value>0</Value>
        </NamedMeasurement>
        <NamedMeasurement type="numeric/int" name="Errors">
          <Value>0</Value>
        </NamedMeasurement>
        <Measurement>
          <Value>[Info] Screenshot 'HorizonTweenDemo/BP_MultiTweenComponent_ScreenshotFunctionalTest' was similar!  Global Difference = 0.000000, Max Local Difference = 0.000000</Value>
        </Measurement>
      </Results>
      <Labels />
      <Status>passed</Status>
      <CompletionStatus>passed</CompletionStatus>
      <ExecutionTime>1.3720533847808838</ExecutionTime>
      <Command>Unreal Automation</Command>
      <StartTime>2026-06-17T15:20:49Z</StartTime>
      <EndTime>2026-06-17T15:20:49Z</EndTime>
    </Test>
    <Test Status="passed">
      <Name>Project.Functional Tests.Maps.HorizonTweenDemo.BP_MultiTweenWidget_UIScreenshotFunctionalTest</Name>
      <Path>BP_MultiTweenWidget_UIScreenshotFunctionalTest</Path>
      <FullName>Project.Functional Tests.Maps.HorizonTweenDemo.BP_MultiTweenWidget_UIScreenshotFunctionalTest</FullName>
      <Results>
        <NamedMeasurement type="numeric/double" name="Execution Time">
          <Value>2.7721476554870605</Value>
        </NamedMeasurement>
        <NamedMeasurement type="text/string" name="Completion Status">
          <Value>passed</Value>
        </NamedMeasurement>
        <NamedMeasurement type="numeric/int" name="Warnings">
          <Value>0</Value>
        </NamedMeasurement>
        <NamedMeasurement type="numeric/int" name="Errors">
          <Value>0</Value>
        </NamedMeasurement>
        <Measurement>
          <Value>[Info] Screenshot 'HorizonTweenDemo/BP_MultiTweenWidget_UIScreenshotFunctionalTest' was similar!  Global Difference = 0.024195, Max Local Difference = 0.491898</Value>
        </Measurement>
      </Results>
      <Labels />
      <Status>passed</Status>
      <CompletionStatus>passed</CompletionStatus>
      <ExecutionTime>2.7721476554870605</ExecutionTime>
      <Command>Unreal Automation</Command>
      <StartTime>2026-06-17T15:20:49Z</StartTime>
      <EndTime>2026-06-17T15:20:49Z</EndTime>
    </Test>
    <Test Status="passed">
      <Name>Project.Functional Tests.Maps.HorizonTweenDemo.BP_TransfromParam_ScreenshotFunctionalTest</Name>
      <Path>BP_TransfromParam_ScreenshotFunctionalTest</Path>
      <FullName>Project.Functional Tests.Maps.HorizonTweenDemo.BP_TransfromParam_ScreenshotFunctionalTest</FullName>
      <Results>
        <NamedMeasurement type="numeric/double" name="Execution Time">
          <Value>1.8549977540969849</Value>
        </NamedMeasurement>
        <NamedMeasurement type="text/string" name="Completion Status">
          <Value>passed</Value>
        </NamedMeasurement>
        <NamedMeasurement type="numeric/int" name="Warnings">
          <Value>0</Value>
        </NamedMeasurement>
        <NamedMeasurement type="numeric/int" name="Errors">
          <Value>0</Value>
        </NamedMeasurement>
        <Measurement>
          <Value>[Info] Screenshot 'HorizonTweenDemo/BP_TransfromParam_ScreenshotFunctionalTest' was similar!  Global Difference = 0.000000, Max Local Difference = 0.000000</Value>
        </Measurement>
      </Results>
      <Labels />
      <Status>passed</Status>
      <CompletionStatus>passed</CompletionStatus>
      <ExecutionTime>1.8549977540969849</ExecutionTime>
      <Command>Unreal Automation</Command>
      <StartTime>2026-06-17T15:20:49Z</StartTime>
      <EndTime>2026-06-17T15:20:49Z</EndTime>
    </Test>
    <Test Status="passed">
      <Name>Project.Functional Tests.Maps.HorizonTweenDemo.BP_TweenSceneComponent_ScreenshotFunctionalTest</Name>
      <Path>BP_TweenSceneComponent_ScreenshotFunctionalTest</Path>
      <FullName>Project.Functional Tests.Maps.HorizonTweenDemo.BP_TweenSceneComponent_ScreenshotFunctionalTest</FullName>
      <Results>
        <NamedMeasurement type="numeric/double" name="Execution Time">
          <Value>1.4313079118728638</Value>
        </NamedMeasurement>
        <NamedMeasurement type="text/string" name="Completion Status">
          <Value>passed</Value>
        </NamedMeasurement>
        <NamedMeasurement type="numeric/int" name="Warnings">
          <Value>0</Value>
        </NamedMeasurement>
        <NamedMeasurement type="numeric/int" name="Errors">
          <Value>0</Value>
        </NamedMeasurement>
        <Measurement>
          <Value>[Info] Screenshot 'HorizonTweenDemo/BP_TweenSceneComponent_ScreenshotFunctionalTest' was similar!  Global Difference = 0.000000, Max Local Difference = 0.000000</Value>
        </Measurement>
      </Results>
      <Labels />
      <Status>passed</Status>
      <CompletionStatus>passed</CompletionStatus>
      <ExecutionTime>1.4313079118728638</ExecutionTime>
      <Command>Unreal Automation</Command>
      <StartTime>2026-06-17T15:20:49Z</StartTime>
      <EndTime>2026-06-17T15:20:49Z</EndTime>
    </Test>
    <Test Status="passed">
      <Name>Project.Functional Tests.Maps.HorizonTweenDemo.BP_TweenWidget_ScreenshotFunctionalTest</Name>
      <Path>BP_TweenWidget_ScreenshotFunctionalTest</Path>
      <FullName>Project.Functional Tests.Maps.HorizonTweenDemo.BP_TweenWidget_ScreenshotFunctionalTest</FullName>
      <Results>
        <NamedMeasurement type="numeric/double" name="Execution Time">
          <Value>2.3048064708709717</Value>
        </NamedMeasurement>
        <NamedMeasurement type="text/string" name="Completion Status">
          <Value>passed</Value>
        </NamedMeasurement>
        <NamedMeasurement type="numeric/int" name="Warnings">
          <Value>0</Value>
        </NamedMeasurement>
        <NamedMeasurement type="numeric/int" name="Errors">
          <Value>0</Value>
        </NamedMeasurement>
        <Measurement>
          <Value>[Info] Screenshot 'HorizonTweenDemo/BP_TweenWidget_ScreenshotFunctionalTest' was similar!  Global Difference = 0.027717, Max Local Difference = 0.538725</Value>
        </Measurement>
      </Results>
      <Labels />
      <Status>passed</Status>
      <CompletionStatus>passed</CompletionStatus>
      <ExecutionTime>2.3048064708709717</ExecutionTime>
      <Command>Unreal Automation</Command>
      <StartTime>2026-06-17T15:20:49Z</StartTime>
      <EndTime>2026-06-17T15:20:49Z</EndTime>
    </Test>
  </Testing>
</Site>